============================= test session starts ==============================
platform darwin -- Python 3.14.4, pytest-9.0.3, pluggy-1.6.0
rootdir: /Users/mistlight/Projects/RalphWithReviewer/ralph-workflow
configfile: pytest.ini
plugins: cov-7.1.0, asyncio-1.3.0, anyio-4.13.0
asyncio: mode=Mode.AUTO, debug=False, asyncio_default_fixture_loop_scope=None, asyncio_default_test_loop_scope=function
collected 23 items

tests/test_config_bootstrap.py ...........                               [ 47%]
tests/test_config_welcome.py .....F.                                     [ 78%]
tests/test_cli_first_run.py .....                                        [100%]

=================================== FAILURES ===================================
___________ test_emit_first_run_welcome_with_local_and_global_files ____________

tmp_path = PosixPath('/private/var/folders/8b/nh540lxx24q3kjpjsr32crp00000gn/T/pytest-of-mistlight/pytest-2371/test_emit_first_run_welcome_wi0')

    def test_emit_first_run_welcome_with_local_and_global_files(
        tmp_path: Path,
    ) -> None:
        """Welcome should group files by scope (global vs local)."""
        console = StringIO()
        rich_console = Console(file=console, force_terminal=True)
        results = [
            BootstrapResult(Path("/home/user/.config/ralph-workflow.toml"), "created", None),
            BootstrapResult(Path("/home/user/.config/ralph-workflow-mcp.toml"), "created", None),
            BootstrapResult(Path(str(tmp_path) + "/.agent/ralph-workflow.toml"), "created", None),
            BootstrapResult(Path(str(tmp_path) + "/.agent/mcp.toml"), "created", None),
            BootstrapResult(Path(str(tmp_path) + "/.agent/agents.toml"), "created", None),
            BootstrapResult(Path(str(tmp_path) + "/.agent/pipeline.toml"), "created", None),
            BootstrapResult(Path(str(tmp_path) + "/.agent/artifacts.toml"), "created", None),
        ]
    
        emit_first_run_welcome(rich_console, results)
    
        output = console.getvalue()
        assert "Ralph first-run setup" in output
        # All file names should appear
        assert "ralph-workflow.toml" in output
        assert "ralph-workflow-mcp.toml" in output
>       assert "agents.toml" in output
E       AssertionError: assert 'agents.toml' in '\x1b[36m╭─\x1b[0m\x1b[36m──────────────────────────\x1b[0m\x1b[36m Ralph first-run setup \x1b[0m\x1b[36m─────────────...   \x1b[36m│\x1b[0m\n\x1b[36m╰──────────────────────────────────────────────────────────────────────────────╯\x1b[0m\n'

tests/test_config_welcome.py:135: AssertionError
=========================== short test summary info ============================
FAILED tests/test_config_welcome.py::test_emit_first_run_welcome_with_local_and_global_files
========================= 1 failed, 22 passed in 0.22s =========================
